0 info it worked if it ends with ok
1 verbose cli [ 'node', '/usr/local/bin/npm', 'start' ]
2 info using npm@1.1.36
3 info using node@v0.8.2
4 verbose config file /Volumes/data/Users/manfred/.npmrc
5 verbose config file /usr/local/etc/npmrc
6 verbose config file /usr/local/lib/node_modules/npm/npmrc
7 verbose read json /Volumes/data/Users/manfred/Git/moul/loto-bingo2/package.json
8 verbose run-script [ 'prestart', 'start', 'poststart' ]
9 info prestart Loto-Bingo@0.0.1
10 info start Loto-Bingo@0.0.1
11 verbose unsafe-perm in lifecycle true
12 silly exec sh "-c" "coffee app.coffee"
13 silly sh,-c,coffee app.coffee,/Volumes/data/Users/manfred/Git/moul/loto-bingo2 spawning
14 info Loto-Bingo@0.0.1 Failed to exec start script
15 error Loto-Bingo@0.0.1 start: `coffee app.coffee`
15 error `sh "-c" "coffee app.coffee"` failed with 1
16 error Failed at the Loto-Bingo@0.0.1 start script.
16 error This is most likely a problem with the Loto-Bingo package,
16 error not with npm itself.
16 error Tell the author that this fails on your system:
16 error     coffee app.coffee
16 error You can get their info via:
16 error     npm owner ls Loto-Bingo
16 error There is likely additional logging output above.
17 error System Darwin 12.1.0
18 error command "node" "/usr/local/bin/npm" "start"
19 error cwd /Volumes/data/Users/manfred/Git/moul/loto-bingo2
20 error node -v v0.8.2
21 error npm -v 1.1.36
22 error code ELIFECYCLE
23 error message Loto-Bingo@0.0.1 start: `coffee app.coffee`
23 error message `sh "-c" "coffee app.coffee"` failed with 1
24 verbose exit [ 1, true ]
